<?xml version="1.0" encoding="UTF-8"?>
<!-- Generated by org.testng.reporters.JUnitReportReporter -->
<testsuite skipped="0" hostname="LAPTOP-T6OJV50P" name="online_tusur.unit_online_tusur.NewTestNG" tests="9" failures="0" timestamp="2022-02-17T17:13:21 MSK" time="0.049" errors="0">
  <testcase name="test1" time="0.005" classname="online_tusur.unit_online_tusur.NewTestNG"/>
  <system-out/>
  <testcase name="test2" time="0.008" classname="online_tusur.unit_online_tusur.NewTestNG"/>
  <system-out/>
  <testcase name="test2" time="0.004" classname="online_tusur.unit_online_tusur.NewTestNG"/>
  <system-out/>
  <testcase name="test1" time="0.007" classname="online_tusur.unit_online_tusur.NewTestNG"/>
  <system-out/>
  <testcase name="test2" time="0.005" classname="online_tusur.unit_online_tusur.NewTestNG"/>
  <system-out/>
  <testcase name="test2" time="0.006" classname="online_tusur.unit_online_tusur.NewTestNG"/>
  <system-out/>
  <testcase name="test2" time="0.002" classname="online_tusur.unit_online_tusur.NewTestNG"/>
  <system-out/>
  <testcase name="test2" time="0.004" classname="online_tusur.unit_online_tusur.NewTestNG"/>
  <system-out/>
  <testcase name="test1" time="0.008" classname="online_tusur.unit_online_tusur.NewTestNG"/>
  <system-out/>
</testsuite> <!-- online_tusur.unit_online_tusur.NewTestNG -->
